------------------------ Start of PreScripts --------------------------
SCriptHost Farm: ScriptHost-ProdAT
EntryID: 241193879
Log: LAST24_LOTS\PROCESSED_LAST24-20240507162430.log
JobDir: E:\ScriptHostJobs\241193879\
TempDir: E:\ScriptHostTemp\241193879
Drone: F21PVAP462N108
Local DateTime: 2024 15 Oct 10:38:18
GMT DateTime: 2024 15 Oct 04:38:18
Script: LAST24_LOTS\processed_last24.zip

------------------------- End of PreScripts ---------------------------

Start Script: D:\Python-i39\python.exe "processed_last24.zip" /STARTDIR="%TEMP%"

Starting RunSPF Py, v1.6a ... 2024-10-15 10:38:28.303919

Start folder = E:/ScriptHostTemp/241193879
Python Path  = D:\Python-i39\python.exe
SPF EE Path  = E:\ScriptHostTemp\241193879
Unzip  Path  = E:\ScriptHostTemp\241193879
Zip to Run   = E:\ScriptHostJobs\241193879\LAST24_LOTS\processed_last24.zip

Starting Extract Engine v2.2.8.1_VA30_168... 15-Oct-2024 10:38:31


Step 1. Run Python script

Starting the Python Applet, v2.2 ...

2024/10/15;10:38:59.390;241193879;Logger::LogProcessInfo;INFO;Logger::LogProcessInfo:ef20850477318a43-12000-1:ef20850477318a43-12000-1;[,]TID:1;Process = {D:\Python-i39\python.exe}, Arguments = {\\SHUser-ProdAT.intel.com\SHProdATUser$\strautma\last24_lots\processed_last24.py}, PID = {12000}, LoggedOnUser = {AMR\strautma}, WorkingDirectory = {E:\ScriptHostTemp\241193879}, dotNETFWVersion = 4.5. Other = [python.exe {v4.8.60126.0308} {64-bit}]
2024/10/15;10:38:59.390;241193879;UberUtility::LogAppDir;INFO;UberUtility::LogAppDir:ef20850477318a43-12000-1:ef20850477318a43-12000-1;[,]TID:1;Local app dir is [C:\Users\strautma\AppData\Local\Uber4.8] (Exists=True)
2024/10/15;10:38:59.400;241193879;UberUtility::UpdateDataSourceMappingXml;INFO;UberUtility::UpdateDataSourceMappingXml:ef20850477318a43-12000-1:ef20850477318a43-12000-1;[,]TID:1;Targeting rule has been changed from hash [] to [4d7920acbb]...13 rules found.
\\SHUser-ProdAT.intel.com\SHProdATUser$\strautma\last24_lots\processed_last24.py:50: UserWarning: pandas only supports SQLAlchemy connectable (engine/connection) or database string URI or sqlite3 DBAPI2 connection. Other DBAPI2 objects are not tested. Please consider using SQLAlchemy.
  df_last24 = pd.read_sql(sql_last24, conn)
2024/10/15;10:39:00.261;241193879;UniqeClientHelper::ConnectToUNIQE#cda54bae-ab3a-46fa-8aaa-efa6b6c9df11;INFO;UniqeClientHelper::ConnectToUNIQE:ef20850477318a43-12000-1:ef20850477318a43-12000-1;[,]TID:1;No explicit Site specified
2024/10/15;10:39:00.261;241193879;UNIQEAdapter::InitializeConfig#cda54bae-ab3a-46fa-8aaa-efa6b6c9df11;INFO;UNIQEAdapter::InitializeConfig:ef20850477318a43-12000-1:ef20850477318a43-12000-1;[,]TID:1;Original site input [rf3pap420n1.rf3prod.mfg.intel.com;rf3pap420n2.rf3prod.mfg.intel.com;rf3pap420n3.rf3prod.mfg.intel.com;rf3pap420n4.rf3prod.mfg.intel.com;rf3pap420n5.rf3prod.mfg.intel.com;rf3pap420n6.rf3prod.mfg.intel.com;rf3pap420n7.rf3prod.mfg.intel.com] converted to [BEST;F21PAP420n3.f21prod.mfg.intel.com;F21PAP420n4.f21prod.mfg.intel.com;F21PAP420n5.f21prod.mfg.intel.com;F21PAP420n6.f21prod.mfg.intel.com].
2024/10/15;10:39:00.261;241193879;UniqeClient::UniqeClient;INFO;UniqeClient::UniqeClient:ef20850477318a43-12000-1:ef20850477318a43-12000-1;[,]TID:1;ThreadPool Max: Original workerThreads=32767, completionPortThreads=1000, Updated workerThreads=32767, completionPortThreads=1200
2024/10/15;10:39:00.261;241193879;UniqeClient::UniqeClient;INFO;UniqeClient::UniqeClient:ef20850477318a43-12000-1:ef20850477318a43-12000-1;[,]TID:1;ThreadPool Min: Original workerThreads=6, completionPortThreads=6, Updated workerThreads=30, completionPortThreads=30
2024/10/15;10:39:00.271;241193879;UberUtility::GetTargetedServer#cda54bae-ab3a-46fa-8aaa-efa6b6c9df11;INFO;UberUtility::GetTargetedServer:ef20850477318a43-12000-1:ef20850477318a43-12000-1;[,]TID:1;No targeting rules matched...13 rules evaluated.
2024/10/15;10:39:00.272;241193879;UniqeClient::GetBestSite#cda54bae-ab3a-46fa-8aaa-efa6b6c9df11;INFO;UniqeClient::GetBestSite:ef20850477318a43-12000-1:ef20850477318a43-12000-1;[,]TID:1;Best site is [f21pap420n3.f21prod.mfg.intel.com;f21pap420n4.f21prod.mfg.intel.com;f21pap420n5.f21prod.mfg.intel.com;f21pap420n6.f21prod.mfg.intel.com] for datasources: F21_PROD_XEUS.
2024/10/15;10:39:00.272;241193879;UniqeClient::GetNewProxy#cda54bae-ab3a-46fa-8aaa-efa6b6c9df11;INFO;UniqeClient::GetNewProxy:ef20850477318a43-12000-1:ef20850477318a43-12000-1;[,]TID:1;Resolved original site [BEST;F21PAP420n3.f21prod.mfg.intel.com;F21PAP420n4.f21prod.mfg.intel.com;F21PAP420n5.f21prod.mfg.intel.com;F21PAP420n6.f21prod.mfg.intel.com] to [f21pap420n3.f21prod.mfg.intel.com;f21pap420n4.f21prod.mfg.intel.com;f21pap420n5.f21prod.mfg.intel.com;f21pap420n6.f21prod.mfg.intel.com] [ID=5f5d5d5a6b7393ea].
2024/10/15;10:39:00.281;241193879;UniqeClientPrivate::LoadBalance#cda54bae-ab3a-46fa-8aaa-efa6b6c9df11;INFO;UniqeClientPrivate::LoadBalance:ef20850477318a43-12000-1:ef20850477318a43-12000-4;[,]TID:4;Ordering nodes took 0 ms [Fixed site list with 1 nodes {f21pap420n3.f21prod.mfg.intel.com;f21pap420n4.f21prod.mfg.intel.com;f21pap420n5.f21prod.mfg.intel.com;f21pap420n6.f21prod.mfg.intel.com} specified....top node is F21PROD4 with ActiveQueries = 11 and RoundTripTime = 21 ms which is 1989 seconds old]. Healthcheck data from F21PROD3 used which is 1990 seconds old.
2024/10/15;10:39:00.332;241193879;Client::OpenClient#cda54bae-ab3a-46fa-8aaa-efa6b6c9df11;INFO;Client::OpenClient:ef20850477318a43-12000-1:ef20850477318a43-12000-4;[,]TID:4;Open client connection [94bc124d0d3200bb] [OpenTimeOut=20sec][url=net.tcp://f21pap420n4.f21prod.mfg.intel.com:8135/UniqeWCFService/NoRSKrb]
2024/10/15;10:39:00.332;241193879;ConnectionManager::NewConnection#cda54bae-ab3a-46fa-8aaa-efa6b6c9df11;INFO;ConnectionManager::NewConnection:ef20850477318a43-12000-1:ef20850477318a43-12000-4;[,]TID:4;Added new connection with key [f21pap420n4.f21prod.mfg.intel.com:8135#amr\strautma] [ConnectionID=88852fd66b68d501]
2024/10/15;10:39:00.332;241193879;UniqeClientPrivate::InitializeServer#cda54bae-ab3a-46fa-8aaa-efa6b6c9df11;INFO;UniqeClientPrivate::InitializeServer:ef20850477318a43-12000-1:ef20850477318a43-12000-4;[,]TID:4;[python.exe {v4.8.60126.0308} {64-bit}] Client connect to [f21pap420n4.f21prod.mfg.intel.com] successful.
2024/10/15;10:39:00.342;241193879;UniqeClientPrivate::PingServer#cda54bae-ab3a-46fa-8aaa-efa6b6c9df11;INFO;UniqeClientPrivate::PingServer:ef20850477318a43-12000-1:ef20850477318a43-12000-4;[,]TID:4;Pinging server [f21pap420n4.f21prod.mfg.intel.com] took 15 ms. {Mode = READ, GetApplication = 11 ms with 5494 bytes returned, ServerHealthCheckInfo = 0 ms [44 seconds old], Total = 15 ms} [ConnectionID=88852fd66b68d501][UsageCount=1]
2024/10/15;10:39:00.352;241193879;UniqeClientPrivate::GetConfigParams#cda54bae-ab3a-46fa-8aaa-efa6b6c9df11;INFO;UniqeClientPrivate::GetConfigParams:ef20850477318a43-12000-1:ef20850477318a43-12000-4;[,]TID:4;Submitting job [cda54bae-ab3a-46fa-8aaa-efa6b6c9df11] with 1 operations {F21_PROD_XEUS} with credentials IWA[AMR\strautma].
2024/10/15;10:39:00.362;241193879;UniqeClientPrivate::ExecuteJobPrivate#cda54bae-ab3a-46fa-8aaa-efa6b6c9df11;INFO;UniqeClientPrivate::ExecuteJobPrivate:ef20850477318a43-12000-1:ef20850477318a43-12000-4;[,]TID:4;cda54bae-ab3a-46fa-8aaa-efa6b6c9df11: submitted job with 1 operations to [f21pap420n4.f21prod.mfg.intel.com] which took 84 ms.
2024/10/15;10:39:05.738;241193879;DataConversion::GetObjectsFromBytes#cda54bae-ab3a-46fa-8aaa-efa6b6c9df11:0;INFO;DataConversion::GetObjectsFromBytes:ef20850477318a43-12000-1:ef20850477318a43-12000-6;[,]TID:6;Extracting 2102 rows and 19 columns from 524459 bytes
2024/10/15;10:39:05.754;241193879;UberTable::GetNextChunk2DPrivate#cda54bae-ab3a-46fa-8aaa-efa6b6c9df11;INFO;UberTable::GetNextChunk2DPrivate:ef20850477318a43-12000-1:ef20850477318a43-12000-1;[,]TID:1;[Table 1] [id=0001] Obtained 2102 rows and 19 columns [524459 bytes].
2024/10/15;10:39:09.434;241193879;DataConversion::GetObjectsFromBytes#cda54bae-ab3a-46fa-8aaa-efa6b6c9df11:0;INFO;DataConversion::GetObjectsFromBytes:ef20850477318a43-12000-1:ef20850477318a43-12000-7;[,]TID:7;Extracting 2241 rows and 19 columns from 524301 bytes
2024/10/15;10:39:09.434;241193879;UberTable::GetNextChunk2DPrivate#cda54bae-ab3a-46fa-8aaa-efa6b6c9df11;INFO;UberTable::GetNextChunk2DPrivate:ef20850477318a43-12000-1:ef20850477318a43-12000-1;[,]TID:1;[Table 1] [id=0002] Obtained 2241 rows and 19 columns [524301 bytes].
2024/10/15;10:39:09.450;241193879;DataConversion::GetObjectsFromBytes#cda54bae-ab3a-46fa-8aaa-efa6b6c9df11:0;INFO;DataConversion::GetObjectsFromBytes:ef20850477318a43-12000-1:ef20850477318a43-12000-6;[,]TID:6;Extracting 1358 rows and 19 columns from 524652 bytes
2024/10/15;10:39:09.497;241193879;UberTable::GetNextChunk2DPrivate#cda54bae-ab3a-46fa-8aaa-efa6b6c9df11;INFO;UberTable::GetNextChunk2DPrivate:ef20850477318a43-12000-1:ef20850477318a43-12000-1;[,]TID:1;[Table 1] [id=0003] Obtained 1358 rows and 19 columns [524652 bytes].
2024/10/15;10:39:11.307;241193879;DataConversion::GetObjectsFromBytes#cda54bae-ab3a-46fa-8aaa-efa6b6c9df11:0;INFO;DataConversion::GetObjectsFromBytes:ef20850477318a43-12000-1:ef20850477318a43-12000-6;[,]TID:6;Extracting 1254 rows and 19 columns from 524314 bytes
2024/10/15;10:39:11.307;241193879;UberTable::GetNextChunk2DPrivate#cda54bae-ab3a-46fa-8aaa-efa6b6c9df11;INFO;UberTable::GetNextChunk2DPrivate:ef20850477318a43-12000-1:ef20850477318a43-12000-1;[,]TID:1;[Table 1] [id=0004] Obtained 1254 rows and 19 columns [524314 bytes].
2024/10/15;10:39:14.170;241193879;DataConversion::GetObjectsFromBytes#cda54bae-ab3a-46fa-8aaa-efa6b6c9df11:0;INFO;DataConversion::GetObjectsFromBytes:ef20850477318a43-12000-1:ef20850477318a43-12000-7;[,]TID:7;Extracting 1296 rows and 19 columns from 524322 bytes
2024/10/15;10:39:14.170;241193879;UberTable::GetNextChunk2DPrivate#cda54bae-ab3a-46fa-8aaa-efa6b6c9df11;INFO;UberTable::GetNextChunk2DPrivate:ef20850477318a43-12000-1:ef20850477318a43-12000-1;[,]TID:1;[Table 1] [id=0005] Obtained 1296 rows and 19 columns [524322 bytes].
2024/10/15;10:39:14.201;241193879;DataConversion::GetObjectsFromBytes#cda54bae-ab3a-46fa-8aaa-efa6b6c9df11:0;INFO;DataConversion::GetObjectsFromBytes:ef20850477318a43-12000-1:ef20850477318a43-12000-6;[,]TID:6;Extracting 1653 rows and 19 columns from 524499 bytes
2024/10/15;10:39:14.232;241193879;UberTable::GetNextChunk2DPrivate#cda54bae-ab3a-46fa-8aaa-efa6b6c9df11;INFO;UberTable::GetNextChunk2DPrivate:ef20850477318a43-12000-1:ef20850477318a43-12000-1;[,]TID:1;[Table 1] [id=0006] Obtained 1653 rows and 19 columns [524499 bytes].
2024/10/15;10:39:15.601;241193879;DataConversion::GetObjectsFromBytes#cda54bae-ab3a-46fa-8aaa-efa6b6c9df11:0;INFO;DataConversion::GetObjectsFromBytes:ef20850477318a43-12000-1:ef20850477318a43-12000-7;[,]TID:7;Extracting 1479 rows and 19 columns from 524504 bytes
2024/10/15;10:39:15.601;241193879;UberTable::GetNextChunk2DPrivate#cda54bae-ab3a-46fa-8aaa-efa6b6c9df11;INFO;UberTable::GetNextChunk2DPrivate:ef20850477318a43-12000-1:ef20850477318a43-12000-1;[,]TID:1;[Table 1] [id=0007] Obtained 1479 rows and 19 columns [524504 bytes].
2024/10/15;10:39:15.617;241193879;DataConversion::GetObjectsFromBytes#cda54bae-ab3a-46fa-8aaa-efa6b6c9df11:0;INFO;DataConversion::GetObjectsFromBytes:ef20850477318a43-12000-1:ef20850477318a43-12000-7;[,]TID:7;Extracting 1387 rows and 19 columns from 524612 bytes
2024/10/15;10:39:15.648;241193879;UberTable::GetNextChunk2DPrivate#cda54bae-ab3a-46fa-8aaa-efa6b6c9df11;INFO;UberTable::GetNextChunk2DPrivate:ef20850477318a43-12000-1:ef20850477318a43-12000-1;[,]TID:1;[Table 1] [id=0008] Obtained 1387 rows and 19 columns [524612 bytes].
2024/10/15;10:39:16.901;241193879;DataConversion::GetObjectsFromBytes#cda54bae-ab3a-46fa-8aaa-efa6b6c9df11:0;INFO;DataConversion::GetObjectsFromBytes:ef20850477318a43-12000-1:ef20850477318a43-12000-7;[,]TID:7;Extracting 1401 rows and 19 columns from 524332 bytes
2024/10/15;10:39:16.901;241193879;UberTable::GetNextChunk2DPrivate#cda54bae-ab3a-46fa-8aaa-efa6b6c9df11;INFO;UberTable::GetNextChunk2DPrivate:ef20850477318a43-12000-1:ef20850477318a43-12000-1;[,]TID:1;[Table 1] [id=0009] Obtained 1401 rows and 19 columns [524332 bytes].
2024/10/15;10:39:16.932;241193879;DataConversion::GetObjectsFromBytes#cda54bae-ab3a-46fa-8aaa-efa6b6c9df11:0;INFO;DataConversion::GetObjectsFromBytes:ef20850477318a43-12000-1:ef20850477318a43-12000-7;[,]TID:7;Extracting 1516 rows and 19 columns from 524522 bytes
2024/10/15;10:39:16.947;241193879;UberTable::GetNextChunk2DPrivate#cda54bae-ab3a-46fa-8aaa-efa6b6c9df11;INFO;UberTable::GetNextChunk2DPrivate:ef20850477318a43-12000-1:ef20850477318a43-12000-1;[,]TID:1;[Table 1] [id=0010] Obtained 1516 rows and 19 columns [524522 bytes].
2024/10/15;10:39:18.154;241193879;DataConversion::GetObjectsFromBytes#cda54bae-ab3a-46fa-8aaa-efa6b6c9df11:0;INFO;DataConversion::GetObjectsFromBytes:ef20850477318a43-12000-1:ef20850477318a43-12000-8;[,]TID:8;Extracting 2011 rows and 19 columns from 524294 bytes
2024/10/15;10:39:18.154;241193879;UberTable::GetNextChunk2DPrivate#cda54bae-ab3a-46fa-8aaa-efa6b6c9df11;INFO;UberTable::GetNextChunk2DPrivate:ef20850477318a43-12000-1:ef20850477318a43-12000-1;[,]TID:1;[Table 1] [id=0011] Obtained 2011 rows and 19 columns [524294 bytes].
2024/10/15;10:39:18.186;241193879;DataConversion::GetObjectsFromBytes#cda54bae-ab3a-46fa-8aaa-efa6b6c9df11:0;INFO;DataConversion::GetObjectsFromBytes:ef20850477318a43-12000-1:ef20850477318a43-12000-7;[,]TID:7;Extracting 2479 rows and 19 columns from 489413 bytes
2024/10/15;10:39:18.186;241193879;ConnectionManager::CloseClient#cda54bae-ab3a-46fa-8aaa-efa6b6c9df11;INFO;ConnectionManager::CloseClient:ef20850477318a43-12000-1:ef20850477318a43-12000-7;[,]TID:7;Closing connection with state [Opened] that is 17 seconds old with key [f21pap420n4.f21prod.mfg.intel.com:8135#amr\strautma] [ConnectionID=88852fd66b68d501][ConnectionUsageCount=1]
2024/10/15;10:39:18.186;241193879;Client::CloseClient#cda54bae-ab3a-46fa-8aaa-efa6b6c9df11;INFO;Client::CloseClient:ef20850477318a43-12000-1:ef20850477318a43-12000-7;[,]TID:7;Close client connection [94bc124d0d3200bb] [Source=ConnectionManager][url=net.tcp://f21pap420n4.f21prod.mfg.intel.com:8135/UniqeWCFService/NoRSKrb]
2024/10/15;10:39:18.186;241193879;UniqeClientPrivate::CloseProxy#cda54bae-ab3a-46fa-8aaa-efa6b6c9df11;INFO;UniqeClientPrivate::CloseProxy:ef20850477318a43-12000-1:ef20850477318a43-12000-7;[,]TID:7;[python.exe {v4.8.60126.0308} {64-bit}] Close completed successfully (took 7 ms). [Called from OnJobCompleteEvent][ID=#000001][DataSources=F21_PROD_XEUS][ConnectionID=88852fd66b68d501]
2024/10/15;10:39:18.186;241193879;UniqeClientPrivate::OnJobCompleteEvent#cda54bae-ab3a-46fa-8aaa-efa6b6c9df11;INFO;UniqeClientPrivate::OnJobCompleteEvent:ef20850477318a43-12000-1:ef20850477318a43-12000-7;[,]TID:7;[python.exe {v4.8.60126.0308} {64-bit}] Job cda54bae-ab3a-46fa-8aaa-efa6b6c9df11 having 1 operations completed with status CompletedSuccessfully and took 17913 ms and returned 20177 rows and 19 columns and 6258224 bytes. DataSources=[F21_PROD_XEUS] [Server=f21pap420n4.f21prod.mfg.intel.com] [DataAccessor = DB2] [ServerFriendlyName = F21PROD4] [CompressedSize = 654631 bytes] [DBFirstRowTime = 5295 ms] [NumThreads = 1] [ConnectTime = 71 ms] [ReliableSessions = False] [Kerberos = True] [OAuth = False] [ActualDataSource = F21_PROD_DIS_LOCAL] [RunAsUserID = AMR\strautma] [ClientDispositionRule = ] [DispositionRule = OtherXeusToDISLocal] [#[DispositionRuleTag = Rule {OtherXeusToDISLocal:F21_PROD_XEUS=>F21_PROD_DIS_LOCAL} satisfied]#] [ConnectionID=88852fd66b68d501][InstanceID=5f5d5d5a6b7393ea][PrivateInstanceID=#000001] {AuthMode = IWA[AMR\strautma]}
2024/10/15;10:39:18.217;241193879;UberTable::GetNextChunk2DPrivate#cda54bae-ab3a-46fa-8aaa-efa6b6c9df11;INFO;UberTable::GetNextChunk2DPrivate:ef20850477318a43-12000-1:ef20850477318a43-12000-1;[,]TID:1;[Table 1] [id=0012] Obtained 2479 rows and 19 columns [489413 bytes].
2024/10/15;10:39:18.233;241193879;UniqeClientPrivate::~UniqeClientPrivate;INFO;UniqeClientPrivate::~UniqeClientPrivate:ef20850477318a43-12000-1:ef20850477318a43-12000-2;[,]TID:2;Dispose not called, hence finalizer is kicking in for clean-up [ID=#000001]. Lifetime of object = 17967 ms.
2024/10/15;10:39:18.279;241193879;UberTable::GetNextChunk2DPrivate#cda54bae-ab3a-46fa-8aaa-efa6b6c9df11;INFO;UberTable::GetNextChunk2DPrivate:ef20850477318a43-12000-1:ef20850477318a43-12000-1;[,]TID:1;[Table 1] [id=0013] Obtained 0 rows and 0 columns [0 bytes].
          ENT_LOT ENT_OPERATION  ENTITY  PROCESSED_WAFER_COUNT LOT_ABORT_FLAG  \
0        W4372990        182062  CAN609                   25.0              N   
989      W4406210        182062  CAN609                   25.0              N   
988      W4406260        182062  CAN609                   25.0              N   
987      W4400200        182062  CAN609                   25.0              N   
986      W4406270        182062  CAN609                   25.0              N   
...           ...           ...     ...                    ...            ...   
20099    W4159440        232201  UTX410                    8.0              N   
20098    W4209460        232211  UTX410                    8.0              N   
20097    W242T850          8281  UTX410                    1.0              N   
20108  LN1718SS08          8333  UTX410                    1.0              N   
20176    W4358410        232211  UTX410                    4.0              Y   

                RETICLE  LOT_ENTITY_PROCESS_DURATION ENT_LOT_PROCESS  \
0                  None                        35.59          1227.1   
989                None                        35.01          1227.1   
988                None                        34.35          1227.1   
987                None                        31.59          1227.1   
986                None                        31.31          1227.1   
...                 ...                          ...             ...   
20099   9XDYBA--VSP1MA1                        87.83          1243.0   
20098   9XDYBA--DSE0MA1                        81.41          1243.0   
20097  UT544A--C4M00M10                        17.85          1217.0   
20108  1X686B--MT90MB23                        11.68          1217.0   
20176   9XDBGA--DSE0MA1                        47.08          1243.5   

                  PRODUCT_DESCRIPTION     PRODUCT DOTPROCESS  \
0                  Arrow Lake H682 A0  8PYHCV   A     1227.1   
989                Arrow Lake H682 A0  8PYHCV   A     1227.1   
988                Arrow Lake H682 A0  8PYHCV   A     1227.1   
987                 MTL Base P682 A-2  8POACV B A     1227.1   
986                Arrow Lake H682 A0  8PYHCV   A     1227.1   
...                               ...         ...        ...   
20099             P1243.0 DayBreak A1  9XDYBV A A     1243.0   
20098             P1243.0 DayBreak A1  9XDYBV A A     1243.0   
20097                No Litho Product  NOPROD   0     1217.0   
20108                No Litho Product  NOPROD   0     1217.0   
20176  P1243.5 9XDBG A0-A1 Bumping SL  9XBMPV A A     1243.5   

                                ROUTE LOT_TYPE OPER_SHORT_DESC CURRENT_HOTLOT  \
0                          FL27.1P8AT     PROD      V #27TSVED              N   
989                        FL27.1P8AV     PROD      V #27TSVED              N   
988                        FL27.1P8AV     PROD      V #27TSVED              N   
987                        FL27.1P8AA     PROD      V #27TSVED              N   
986                        FL27.1P8AV     PROD      V #27TSVED              N   
...                               ...      ...             ...            ...   
20099  FL43.0E8AB_SNIP_WLP301366-1_25       TD      L #3VSPSXD              N   
20098  FL43.0E8AB_SNIP_WLP311368-1_12       TD      L #3DSESXD              N   
20097                        LN17.200       MW        L E0 TWI              N   
20108                        LN17.018       MW      L LNKSSTWI              N   
20176                      SE43.50G6W      ENG      L #3DSESXD              N   

                                              LOT_RECIPE LAST_WAFER_END_DATE  \
0                   P22-C-420-EDCOT +   {TrackOnly=TRUE} 2024-09-15 10:51:08   
989                 P22-C-420-EDCOT +   {TrackOnly=TRUE} 2024-10-04 20:58:41   
988                 P22-C-420-EDCOT +   {TrackOnly=TRUE} 2024-10-04 20:35:00   
987                 P22-C-420-EDCOT +   {TrackOnly=TRUE} 2024-10-04 20:11:56   
986                 P22-C-420-EDCOT +   {TrackOnly=TRUE} 2024-10-04 19:51:50   
...                                                  ...                 ...   
20099                                      P-L-THB-57-4A 2024-09-28 00:46:40   
20098  P-L-THB-57-4B $NA ?9XDYBA\9XDYBVA_DSE_RIB_DUAL... 2024-09-27 15:51:27   
20097  M-L-TOK11-2-D ?PM\GRATING_FULL.pcr UT544A--C4M... 2024-09-27 11:41:59   
20108  M-L-SS ?UTX\M_CYCLE_686B.pcr 1X686B--MT90MB $A... 2024-10-03 02:11:10   
20176  P-L-THB-57-4B $NA ?9XBMPV\9XBMPV_DSE_RIB_DUALF... 2024-10-15 06:44:28   

      FIRST_WAFER_END_DATE  ENT_LOT_PRIORITY    WPH                HOUR  \
0      2024-09-15 10:31:36               0.0   77.0 2024-09-15 11:00:00   
989    2024-10-04 20:39:09               0.0   77.0 2024-10-04 21:00:00   
988    2024-10-04 20:15:35               0.0   77.0 2024-10-04 21:00:00   
987    2024-10-04 19:52:52               0.0   79.0 2024-10-04 21:00:00   
986    2024-10-04 19:32:35               0.0   78.0 2024-10-04 20:00:00   
...                    ...               ...    ...                 ...   
20099  2024-09-28 00:38:42               0.0   60.0 2024-09-28 01:00:00   
20098  2024-09-27 15:39:06               3.0   39.0 2024-09-27 16:00:00   
20097  2024-09-27 11:41:59               NaN    NaN 2024-09-27 12:00:00   
20108  2024-10-03 02:11:10               NaN    NaN 2024-10-03 03:00:00   
20176  2024-10-15 06:42:10               0.0  104.0 2024-10-15 07:00:00   

                RECIPE     TECH  
0      P22-C-420-EDCOT  Foveros  
989    P22-C-420-EDCOT  Foveros  
988    P22-C-420-EDCOT  Foveros  
987    P22-C-420-EDCOT  Foveros  
986    P22-C-420-EDCOT  Foveros  
...                ...      ...  
20099    P-L-THB-57-4A      SiP  
20098    P-L-THB-57-4B      SiP  
20097    M-L-TOK11-2-D    Other  
20108           M-L-SS    Other  
20176    P-L-THB-57-4B      SiP  

[20177 rows x 23 columns]

Done... 15-Oct-2024 10:39:35

Done ... 2024-10-15 10:39:35.451397

